2025-10-17 23:17:54,449 - app.core.logging_config - INFO - Application startup complete. Scheduler started.
2025-10-17 23:18:06,391 - app.core.logging_config - INFO - Application shutdown complete. Scheduler stopped.
2025-10-17 23:18:07,264 - app.core.logging_config - INFO - Scheduler started.
2025-10-17 23:18:07,265 - app.core.logging_config - INFO - Application startup complete. Scheduler started.
2025-10-17 23:18:33,662 - app.core.logging_config - INFO - Scheduler shutdown.
2025-10-17 23:18:33,662 - app.core.logging_config - INFO - Application shutdown complete. Scheduler stopped.
2025-10-17 23:18:34,551 - app.core.logging_config - INFO - Scheduler started.
2025-10-17 23:18:34,551 - app.core.logging_config - INFO - Application startup complete. Scheduler started.
2025-10-17 23:20:14,805 - app.core.logging_config - INFO - Scheduler shutdown.
2025-10-17 23:20:14,806 - app.core.logging_config - INFO - Application shutdown complete. Scheduler stopped.
2025-10-17 23:20:22,328 - app.core.logging_config - INFO - Scheduler started.
2025-10-17 23:20:22,328 - app.core.logging_config - INFO - Application startup complete. Scheduler started.
2025-10-17 23:20:38,970 - app.core.logging_config - INFO - Dashboard accessed.
2025-10-17 23:20:43,055 - app.core.logging_config - INFO - Project detail page accessed for project ID: 1. Page: 1/1
2025-10-17 23:20:49,396 - app.core.logging_config - INFO - Run detail page accessed for run ID: 1
2025-10-17 23:20:58,703 - app.core.logging_config - INFO - Project detail page accessed for project ID: 1. Page: 1/1
2025-10-17 23:21:02,208 - app.core.logging_config - INFO - Manually triggered run for project ID 1. Run ID: 2
2025-10-17 23:21:02,209 - app.core.logging_config - INFO - Starting execution for Run ID: 2, Project ID: 1
2025-10-17 23:21:02,216 - app.core.logging_config - INFO - Handling GitHub project: Buzz. Destination: /home/pires/Projects/BuzzControllerEmulator
2025-10-17 23:21:02,216 - app.core.logging_config - INFO - Created directory: /home/pires/Projects/BuzzControllerEmulator
2025-10-17 23:21:02,217 - app.core.logging_config - INFO - Cloning repository from https://github.com/RPires27/BuzzControllerEmulator to /home/pires/Projects/BuzzControllerEmulator
2025-10-17 23:21:02,218 - app.core.logging_config - INFO - Run detail page accessed for run ID: 2
2025-10-17 23:21:03,221 - app.core.logging_config - INFO - Running uv sync in /home/pires/Projects/BuzzControllerEmulator
2025-10-17 23:21:03,247 - app.core.logging_config - INFO - Executing command: uv run main.py
2025-10-17 23:21:03,962 - app.core.logging_config - INFO - Run ID 2 completed successfully.
2025-10-17 23:21:05,636 - app.core.logging_config - INFO - Run detail page accessed for run ID: 2
2025-10-17 23:21:19,741 - app.core.logging_config - INFO - Scheduler shutdown.
2025-10-17 23:21:19,742 - app.core.logging_config - INFO - Application shutdown complete. Scheduler stopped.
